e:\project\battle city\battlecity\win32project1\debug\vc140.pdb
e:\project\battle city\battlecity\win32project1\debug\vc140.idb
e:\project\battle city\battlecity\win32project1\debug\movement.obj
e:\project\battle city\battlecity\win32project1\debug\controller.obj
e:\project\battle city\battlecity\win32project1\debug\game.obj
e:\project\battle city\battlecity\win32project1\debug\gameobject.obj
e:\project\battle city\battlecity\win32project1\debug\brick.obj
e:\project\battle city\battlecity\win32project1\debug\bullet.obj
e:\project\battle city\battlecity\win32project1\debug\steel.obj
e:\project\battle city\battlecity\win32project1\debug\tank.obj
e:\project\battle city\battlecity\win32project1\debug\gamescene.obj
e:\project\battle city\battlecity\win32project1\debug\player.obj
e:\project\battle city\battlecity\win32project1\debug\pugixml.obj
e:\project\battle city\battlecity\win32project1\debug\sprite.obj
e:\project\battle city\battlecity\win32project1\debug\winmain.obj
e:\project\battle city\battlecity\win32project1\debug\client.obj
e:\project\battle city - sever\battlecity server\win32project1\debug\vc140.pdb
e:\project\battle city - sever\battlecity server\win32project1\debug\vc140.idb
e:\project\battle city - sever\battlecity server\win32project1\debug\movement.obj
e:\project\battle city - sever\battlecity server\win32project1\debug\client.obj
e:\project\battle city - sever\battlecity server\win32project1\debug\timer.obj
e:\project\battle city - sever\battlecity server\win32project1\debug\controller.obj
e:\project\battle city - sever\battlecity server\win32project1\debug\game.obj
e:\project\battle city - sever\battlecity server\win32project1\debug\gamelog.obj
e:\project\battle city - sever\battlecity server\win32project1\debug\gameobject.obj
e:\project\battle city - sever\battlecity server\win32project1\debug\brick.obj
e:\project\battle city - sever\battlecity server\win32project1\debug\bullet.obj
e:\project\battle city - sever\battlecity server\win32project1\debug\steel.obj
e:\project\battle city - sever\battlecity server\win32project1\debug\tank.obj
e:\project\battle city - sever\battlecity server\win32project1\debug\gamescene.obj
e:\project\battle city - sever\battlecity server\win32project1\debug\player.obj
e:\project\battle city - sever\battlecity server\win32project1\debug\pugixml.obj
e:\project\battle city - sever\battlecity server\win32project1\debug\caretaker.obj
e:\project\battle city - sever\battlecity server\win32project1\debug\memento.obj
e:\project\battle city - sever\battlecity server\win32project1\debug\originator.obj
e:\project\battle city - sever\battlecity server\win32project1\debug\server.obj
e:\project\battle city - sever\battlecity server\win32project1\debug\sprite.obj
e:\project\battle city - sever\battlecity server\win32project1\debug\winmain.obj
e:\project\battle city\battlecity\debug\win32project1.ilk
e:\project\battle city\battlecity\debug\win32project1.exe
e:\project\battle city\battlecity\debug\win32project1.pdb
e:\project\battle city - sever\battlecity server\debug\win32project1.ilk
e:\project\battle city - sever\battlecity server\debug\win32project1.exe
e:\project\battle city - sever\battlecity server\debug\win32project1.pdb
e:\project\battle city - sever\battlecity server\win32project1\debug\server.obj.enc
e:\project\battle city - sever\battlecity server\win32project1\debug\win32project1.tlog\cl.command.1.tlog
e:\project\battle city - sever\battlecity server\win32project1\debug\win32project1.tlog\cl.read.1.tlog
e:\project\battle city - sever\battlecity server\win32project1\debug\win32project1.tlog\cl.write.1.tlog
e:\project\battle city - sever\battlecity server\win32project1\debug\win32project1.tlog\link.command.1.tlog
e:\project\battle city - sever\battlecity server\win32project1\debug\win32project1.tlog\link.read.1.tlog
e:\project\battle city - sever\battlecity server\win32project1\debug\win32project1.tlog\link.write.1.tlog
